


ARM Macro Assembler    Page 1 


    1 00000000         ; Print.s
    2 00000000         ; Student names: change this to your names or look very 
                       silly
    3 00000000         ; Last modification date: change this to the last modifi
                       cation date or look very silly
    4 00000000         ; Runs on LM4F120 or TM4C123
    5 00000000         ; EE319K lab 7 device driver for any LCD
    6 00000000         ;
    7 00000000         ; As part of Lab 7, students need to implement these LCD
                       _OutDec and LCD_OutFix
    8 00000000         ; This driver assumes two low-level LCD functions
    9 00000000         ; ST7735_OutChar   outputs a single 8-bit ASCII characte
                       r
   10 00000000         ; ST7735_OutString outputs a null-terminated string 
   11 00000000         
   12 00000000                 IMPORT           ST7735_OutChar
   13 00000000                 IMPORT           ST7735_OutString
   14 00000000                 EXPORT           LCD_OutDec
   15 00000000                 EXPORT           LCD_OutFix
   16 00000000         
   17 00000000                 AREA             |.text|, CODE, READONLY, ALIGN=
2
   18 00000000                 PRESERVE8
   19 00000000                 THUMB
   20 00000000         
   21 00000000         
   22 00000000         
   23 00000000         ;-----------------------LCD_OutDec----------------------
                       -
   24 00000000         ; Output a 32-bit number in unsigned decimal format
   25 00000000         ; Input: R0 (call by value) 32-bit unsigned number
   26 00000000         ; Output: none
   27 00000000         ; Invariables: This function must not permanently modify
                        registers R4 to R11
   28 00000000         LCD_OutDec
   29 00000000 00000000 
                       Digit   EQU              0
   30 00000000         ;-------ALLOCATION-----
   31 00000000 E92D 4830       PUSH             {R11, R4, R5,LR}
   32 00000004 F1BD 0D04       SUBS             SP, #4
   33 00000008 46EB            MOV              R11, SP
   34 0000000A         
   35 0000000A         ;-------------SETUP--------------
   36 0000000A 4601            MOV              R1, R0
   37 0000000C F04F 0200       MOV              R2, #0
   38 00000010 F04F 050A       MOV              R5, #10
   39 00000014         ;----------HOW MANY DIGITS---------
   40 00000014         Continue
   41 00000014 F102 0201       ADD              R2, #1
   42 00000018 FBB1 F1F5       UDIV             R1, R1, R5
   43 0000001C 2900            CMP              R1, #0
   44 0000001E D1F9            BNE              Continue
   45 00000020 F8CB 2000       STR              R2, [R11, #Digit]
   46 00000024         ;------PUSH ONTO STACK----------
   47 00000024 4601            MOV              R1, R0
   48 00000026 F8DB 4000       LDR              R4, [R11, #Digit]
   49 0000002A         Repeat
   50 0000002A FBB1 F2F5       UDIV             R2, R1, R5
   51 0000002E FB02 F205       MUL              R2, R2, R5



ARM Macro Assembler    Page 2 


   52 00000032 EBA1 0302       SUB              R3, R1, R2
   53 00000036 B408            PUSH             {R3}
   54 00000038 FBB1 F1F5       UDIV             R1, R1, R5
   55 0000003C 1E64            SUBS             R4, R4, #1
   56 0000003E 2C00            CMP              R4, #0
   57 00000040 D1F3            BNE              Repeat
   58 00000042         ;---------
   59 00000042         
   60 00000042 F8DB 4000       LDR              R4, [R11, #Digit]
   61 00000046         ARepeat
   62 00000046 BC01            POP              {R0}
   63 00000048 F100 0030       ADD              R0, #48
   64 0000004C F7FF FFFE       BL               ST7735_OutChar
   65 00000050 1E64            SUBS             R4, R4, #1
   66 00000052 2C00            CMP              R4, #0
   67 00000054 D1F7            BNE              ARepeat
   68 00000056         ;-------DEALLOCATION------
   69 00000056 B001            ADD              SP, #4
   70 00000058 E8BD 4830       POP              {R11, R4,R5,LR}
   71 0000005C         
   72 0000005C 4770            BX               LR
   73 0000005E         ;* * * * * * * * End of LCD_OutDec * * * * * * * *
   74 0000005E         
   75 0000005E         ; -----------------------LCD _OutFix--------------------
                       --
   76 0000005E         ; Output characters to LCD display in fixed-point format
                       
   77 0000005E         ; unsigned decimal, resolution 0.001, range 0.000 to 9.9
                       99
   78 0000005E         ; Inputs:  R0 is an unsigned 32-bit number
   79 0000005E         ; Outputs: none
   80 0000005E         ; E.g., R0=0,    then output "0.000 "
   81 0000005E         ;       R0=3,    then output "0.003 "
   82 0000005E         ;       R0=89,   then output "0.089 "
   83 0000005E         ;       R0=123,  then output "0.123 "
   84 0000005E         ;       R0=9999, then output "9.999 "
   85 0000005E         ;       R0>9999, then output "*.*** "
   86 0000005E         ; Invariables: This function must not permanently modify
                        registers R4 to R11
   87 0000005E         LCD_OutFix
   88 0000005E 00000000 
                       V1      EQU              0
   89 0000005E 00000004 
                       V2      EQU              4
   90 0000005E 00000008 
                       V3      EQU              8
   91 0000005E 0000000C 
                       V4      EQU              12
   92 0000005E         
   93 0000005E B560            PUSH{LR,R5,R6}
   94 00000060 B083            SUB              SP, #12
   95 00000062 F04F 050A       MOV              R5, #10
   96 00000066 F242 7610       MOV              R6, #10000
   97 0000006A         
   98 0000006A         ;
   99 0000006A 4601            MOV              R1, R0
  100 0000006C 42B1            CMP              R1, R6
  101 0000006E D238            BHS              Ast_Out
  102 00000070         



ARM Macro Assembler    Page 3 


  103 00000070 FBB1 F2F5       UDIV             R2, R1, R5
  104 00000074 FB02 F205       MUL              R2, R5
  105 00000078 1A8B            SUBS             R3, R1, R2
  106 0000007A 9303            STR              R3, [SP, #V4]
  107 0000007C FBB1 F1F5       UDIV             R1, R1, R5
  108 00000080         
  109 00000080 FBB1 F2F5       UDIV             R2, R1, R5
  110 00000084 FB02 F205       MUL              R2, R5
  111 00000088 1A8B            SUBS             R3, R1, R2
  112 0000008A 9302            STR              R3, [SP, #V3]
  113 0000008C FBB1 F1F5       UDIV             R1, R1, R5
  114 00000090         
  115 00000090 FBB1 F2F5       UDIV             R2, R1, R5
  116 00000094 FB02 F205       MUL              R2, R5
  117 00000098 1A8B            SUBS             R3, R1, R2
  118 0000009A 9301            STR              R3, [SP, #V2]
  119 0000009C FBB1 F1F5       UDIV             R1, R1, R5
  120 000000A0         
  121 000000A0 FBB1 F2F5       UDIV             R2, R1, R5
  122 000000A4 FB02 F205       MUL              R2, R5
  123 000000A8 1A8B            SUBS             R3, R1, R2
  124 000000AA 9300            STR              R3, [SP, #V1]
  125 000000AC FBB1 F1F5       UDIV             R1, R1, R5
  126 000000B0         
  127 000000B0 9800            LDR              R0, [SP, #V1]
  128 000000B2 F100 0030       ADD              R0, #48
  129 000000B6 F7FF FFFE       BL               ST7735_OutChar
  130 000000BA F04F 002E       MOV              R0, #46
  131 000000BE F7FF FFFE       BL               ST7735_OutChar
  132 000000C2         
  133 000000C2 9801            LDR              R0, [SP, #V2]
  134 000000C4 F100 0030       ADD              R0, #48
  135 000000C8 F7FF FFFE       BL               ST7735_OutChar
  136 000000CC         
  137 000000CC 9802            LDR              R0, [SP, #V3]
  138 000000CE F100 0030       ADD              R0, #48
  139 000000D2 F7FF FFFE       BL               ST7735_OutChar
  140 000000D6         
  141 000000D6 9803            LDR              R0, [SP, #V4]
  142 000000D8 F100 0030       ADD              R0, #48
  143 000000DC F7FF FFFE       BL               ST7735_OutChar
  144 000000E0 E013            B                Finish
  145 000000E2         Ast_Out
  146 000000E2 F04F 002A       MOV              R0, #42
  147 000000E6 F7FF FFFE       BL               ST7735_OutChar
  148 000000EA F04F 002E       MOV              R0, #46
  149 000000EE F7FF FFFE       BL               ST7735_OutChar
  150 000000F2 F04F 002A       MOV              R0, #42
  151 000000F6 F7FF FFFE       BL               ST7735_OutChar
  152 000000FA F04F 002A       MOV              R0, #42
  153 000000FE F7FF FFFE       BL               ST7735_OutChar
  154 00000102 F04F 002A       MOV              R0, #42
  155 00000106 F7FF FFFE       BL               ST7735_OutChar
  156 0000010A         Finish
  157 0000010A B003            ADD              SP, #12
  158 0000010C E8BD 4060       POP{LR,R5,R6}
  159 00000110 4770            BX               LR
  160 00000112         
  161 00000112 00 00           ALIGN



ARM Macro Assembler    Page 4 


  162 00000114         ;* * * * * * * * End of LCD_OutFix * * * * * * * *
  163 00000114         
  164 00000114                 ALIGN                        ; make sure the end
                                                             of this section is
                                                             aligned
  165 00000114                 END                          ; end of file
Command Line: --debug --xref --cpu=Cortex-M4 --apcs=interwork --depend=.\print.
d -o.\print.o -IC:\Keil\ARM\RV31\INC -IC:\Keil\ARM\CMSIS\Include -IC:\Keil\ARM\
Inc\Luminary --predefine="__EVAL SETA 1" --list=.\print.lst Print.s



ARM Macro Assembler    Page 1 Alphabetic symbol ordering
Relocatable symbols

.text 00000000

Symbol: .text
   Definitions
      At line 17 in file Print.s
   Uses
      None
Comment: .text unused
ARepeat 00000046

Symbol: ARepeat
   Definitions
      At line 61 in file Print.s
   Uses
      At line 67 in file Print.s
Comment: ARepeat used once
Ast_Out 000000E2

Symbol: Ast_Out
   Definitions
      At line 145 in file Print.s
   Uses
      At line 101 in file Print.s
Comment: Ast_Out used once
Continue 00000014

Symbol: Continue
   Definitions
      At line 40 in file Print.s
   Uses
      At line 44 in file Print.s
Comment: Continue used once
Finish 0000010A

Symbol: Finish
   Definitions
      At line 156 in file Print.s
   Uses
      At line 144 in file Print.s
Comment: Finish used once
LCD_OutDec 00000000

Symbol: LCD_OutDec
   Definitions
      At line 28 in file Print.s
   Uses
      At line 14 in file Print.s
Comment: LCD_OutDec used once
LCD_OutFix 0000005E

Symbol: LCD_OutFix
   Definitions
      At line 87 in file Print.s
   Uses
      At line 15 in file Print.s
Comment: LCD_OutFix used once
Repeat 0000002A

Symbol: Repeat



ARM Macro Assembler    Page 2 Alphabetic symbol ordering
Relocatable symbols

   Definitions
      At line 49 in file Print.s
   Uses
      At line 57 in file Print.s
Comment: Repeat used once
8 symbols



ARM Macro Assembler    Page 1 Alphabetic symbol ordering
Absolute symbols

Digit 00000000

Symbol: Digit
   Definitions
      At line 29 in file Print.s
   Uses
      At line 45 in file Print.s
      At line 48 in file Print.s
      At line 60 in file Print.s

V1 00000000

Symbol: V1
   Definitions
      At line 88 in file Print.s
   Uses
      At line 124 in file Print.s
      At line 127 in file Print.s

V2 00000004

Symbol: V2
   Definitions
      At line 89 in file Print.s
   Uses
      At line 118 in file Print.s
      At line 133 in file Print.s

V3 00000008

Symbol: V3
   Definitions
      At line 90 in file Print.s
   Uses
      At line 112 in file Print.s
      At line 137 in file Print.s

V4 0000000C

Symbol: V4
   Definitions
      At line 91 in file Print.s
   Uses
      At line 106 in file Print.s
      At line 141 in file Print.s

5 symbols



ARM Macro Assembler    Page 1 Alphabetic symbol ordering
External symbols

ST7735_OutChar 00000000

Symbol: ST7735_OutChar
   Definitions
      At line 12 in file Print.s
   Uses
      At line 64 in file Print.s
      At line 129 in file Print.s
      At line 131 in file Print.s
      At line 135 in file Print.s
      At line 139 in file Print.s
      At line 143 in file Print.s
      At line 147 in file Print.s
      At line 149 in file Print.s
      At line 151 in file Print.s
      At line 153 in file Print.s
      At line 155 in file Print.s

ST7735_OutString 00000000

Symbol: ST7735_OutString
   Definitions
      At line 13 in file Print.s
   Uses
      None
Comment: ST7735_OutString unused
2 symbols
346 symbols in table
